<?xml version="1.0" encoding="UTF-8"?>
<testsuite name="Cucumber" time="330.922" tests="15" skipped="0" failures="2" errors="0">
<testcase classname="Feature to Test HYR tutorial's alert page behaviour" name="Test the Test HYR tutorials alert page behaviour - Example #1.1" time="25.928">
<system-out><![CDATA[
Given Open the chrome browser...............................................passed
When Navigate to HYR tutorials alert page...................................passed
And click on click me button and do provided action alertBox and Accept.....passed
Then validate the text in popup box output You selected alert popup.........passed
]]></system-out>
</testcase>
<testcase classname="Feature to Test HYR tutorial's alert page behaviour" name="Test the Test HYR tutorials alert page behaviour - Example #1.2" time="24.557">
<system-out><![CDATA[
Given Open the chrome browser...............................................passed
When Navigate to HYR tutorials alert page...................................passed
And click on click me button and do provided action confirmBox and Accept...passed
Then validate the text in popup box output You pressed OK in confirmation popup.passed
]]></system-out>
</testcase>
<testcase classname="Feature to Test HYR tutorial's alert page behaviour" name="Test the Test HYR tutorials alert page behaviour - Example #1.3" time="23.804">
<system-out><![CDATA[
Given Open the chrome browser...............................................passed
When Navigate to HYR tutorials alert page...................................passed
And click on click me button and do provided action confirmBox and Reject...passed
Then validate the text in popup box output You pressed Cancel in confirmation popup.passed
]]></system-out>
</testcase>
<testcase classname="Feature to Test HYR tutorial's alert page behaviour" name="Test the Test HYR tutorials alert page behaviour - Example #1.4" time="25.025">
<system-out><![CDATA[
Given Open the chrome browser...............................................passed
When Navigate to HYR tutorials alert page...................................passed
And click on click me button and do provided action promptBox and Accept....passed
Then validate the text in popup box output You entered text Pavan Kumar in propmt popup.passed
]]></system-out>
</testcase>
<testcase classname="Feature to Test HYR tutorial's alert page behaviour" name="Test the Test HYR tutorials alert page behaviour - Example #1.5" time="27.353">
<system-out><![CDATA[
Given Open the chrome browser...............................................passed
When Navigate to HYR tutorials alert page...................................passed
And click on click me button and do provided action promptBox and Reject....passed
Then validate the text in popup box output You pressed Cancel in prompt popup..passed
]]></system-out>
</testcase>
<testcase classname="Feature to Test HYR tutorials Iframes behaviour" name="Test the Test HYR tutorials Iframes behaviour" time="38.937">
<system-out><![CDATA[
Given Open the chrome browser...............................................passed
When Navigate to HYR tutorials Iframes page.................................passed
And Select home page in Frame1 and validate it..............................passed
And Select Contact page in Frame2 and validate it...........................passed
And Select home page and Contact page in Frame3 and validate it.............passed
]]></system-out>
</testcase>
<testcase classname="Feature to test Login functionality" name="Check login is successfull with Valid Credentials - Example #1.1" time="15.896">
<system-out><![CDATA[
Given Open the chrome browser...............................................passed
And User is on login Page...................................................passed
When User enters standard_user and secret_sauce.............................passed
And Clicks on Login button..................................................passed
Then Browser navigates to login home page...................................passed
]]></system-out>
</testcase>
<testcase classname="Feature to test Login functionality" name="Check login is successfull with Valid Credentials - Example #1.2" time="25.448">
<failure type="org.openqa.selenium.NoSuchElementException" message="no such element: Unable to locate element: {&quot;method&quot;:&quot;css selector&quot;,&quot;selector&quot;:&quot;#shopping_cart_container&quot;}
  (Session info: chrome=120.0.6099.63)
For documentation on this error, please visit: https://www.selenium.dev/documentation/webdriver/troubleshooting/errors#no-such-element-exception
Build info: version: '4.15.0', revision: '1d14b5521b'
System info: os.name: 'Windows 10', os.arch: 'amd64', os.version: '10.0', java.version: '17.0.8.1'
Driver info: org.openqa.selenium.chrome.ChromeDriver
Command: [02f4f3f263d301089c3581962fe47bca, findElement {using=id, value=shopping_cart_container}]
Capabilities {acceptInsecureCerts: false, browserName: chrome, browserVersion: 120.0.6099.63, chrome: {chromedriverVersion: 119.0.6045.105 (38c72552c5e..., userDataDir: C:\Users\259903\AppData\Loc...}, fedcm:accounts: true, goog:chromeOptions: {debuggerAddress: localhost:59607}, networkConnectionEnabled: false, pageLoadStrategy: normal, platformName: windows, proxy: Proxy(), se:cdp: ws://localhost:59607/devtoo..., se:cdpVersion: 120.0.6099.63, setWindowRect: true, strictFileInteractability: false, timeouts: {implicit: 0, pageLoad: 300000, script: 30000}, unhandledPromptBehavior: dismiss and notify, webauthn:extension:credBlob: true, webauthn:extension:largeBlob: true, webauthn:extension:minPinLength: true, webauthn:extension:prf: true, webauthn:virtualAuthenticators: true}
Session ID: 02f4f3f263d301089c3581962fe47bca">
<![CDATA[org.openqa.selenium.NoSuchElementException: no such element: Unable to locate element: {"method":"css selector","selector":"#shopping_cart_container"}
  (Session info: chrome=120.0.6099.63)
For documentation on this error, please visit: https://www.selenium.dev/documentation/webdriver/troubleshooting/errors#no-such-element-exception
Build info: version: '4.15.0', revision: '1d14b5521b'
System info: os.name: 'Windows 10', os.arch: 'amd64', os.version: '10.0', java.version: '17.0.8.1'
Driver info: org.openqa.selenium.chrome.ChromeDriver
Command: [02f4f3f263d301089c3581962fe47bca, findElement {using=id, value=shopping_cart_container}]
Capabilities {acceptInsecureCerts: false, browserName: chrome, browserVersion: 120.0.6099.63, chrome: {chromedriverVersion: 119.0.6045.105 (38c72552c5e..., userDataDir: C:\Users\259903\AppData\Loc...}, fedcm:accounts: true, goog:chromeOptions: {debuggerAddress: localhost:59607}, networkConnectionEnabled: false, pageLoadStrategy: normal, platformName: windows, proxy: Proxy(), se:cdp: ws://localhost:59607/devtoo..., se:cdpVersion: 120.0.6099.63, setWindowRect: true, strictFileInteractability: false, timeouts: {implicit: 0, pageLoad: 300000, script: 30000}, unhandledPromptBehavior: dismiss and notify, webauthn:extension:credBlob: true, webauthn:extension:largeBlob: true, webauthn:extension:minPinLength: true, webauthn:extension:prf: true, webauthn:virtualAuthenticators: true}
Session ID: 02f4f3f263d301089c3581962fe47bca
	at java.base/jdk.internal.reflect.NativeConstructorAccessorImpl.newInstance0(Native Method)
	at java.base/jdk.internal.reflect.NativeConstructorAccessorImpl.newInstance(NativeConstructorAccessorImpl.java:77)
	at java.base/jdk.internal.reflect.DelegatingConstructorAccessorImpl.newInstance(DelegatingConstructorAccessorImpl.java:45)
	at java.base/java.lang.reflect.Constructor.newInstanceWithCaller(Constructor.java:499)
	at java.base/java.lang.reflect.Constructor.newInstance(Constructor.java:480)
	at org.openqa.selenium.remote.codec.w3c.W3CHttpResponseCodec.createException(W3CHttpResponseCodec.java:200)
	at org.openqa.selenium.remote.codec.w3c.W3CHttpResponseCodec.decode(W3CHttpResponseCodec.java:133)
	at org.openqa.selenium.remote.codec.w3c.W3CHttpResponseCodec.decode(W3CHttpResponseCodec.java:52)
	at org.openqa.selenium.remote.HttpCommandExecutor.execute(HttpCommandExecutor.java:191)
	at org.openqa.selenium.remote.service.DriverCommandExecutor.invokeExecute(DriverCommandExecutor.java:200)
	at org.openqa.selenium.remote.service.DriverCommandExecutor.execute(DriverCommandExecutor.java:175)
	at org.openqa.selenium.remote.RemoteWebDriver.execute(RemoteWebDriver.java:607)
	at org.openqa.selenium.remote.ElementLocation$ElementFinder$2.findElement(ElementLocation.java:165)
	at org.openqa.selenium.remote.ElementLocation.findElement(ElementLocation.java:59)
	at org.openqa.selenium.remote.RemoteWebDriver.findElement(RemoteWebDriver.java:364)
	at org.openqa.selenium.remote.RemoteWebDriver.findElement(RemoteWebDriver.java:358)
	at org.openqa.selenium.support.pagefactory.DefaultElementLocator.findElement(DefaultElementLocator.java:68)
	at org.openqa.selenium.support.pagefactory.internal.LocatingElementHandler.invoke(LocatingElementHandler.java:38)
	at jdk.proxy2/jdk.proxy2.$Proxy21.isDisplayed(Unknown Source)
	at Pagefactory.SL_Products_page_PF.addtocartvalidate(SL_Products_page_PF.java:41)
	at StepDefenitions.SL_loginsteps_PF.browser_navigates_to_login_page(SL_loginsteps_PF.java:84)
	at ?.Browser navigates to login home page(file:///C:/Users/259903/eclipse-workspace/Cucumber-Maven-testing/src/test/resources/Features/SL_login.feature:15)
]]>
</failure>
<system-out><![CDATA[
Given Open the chrome browser...............................................passed
And User is on login Page...................................................passed
When User enters visual_user and secret_sauce2..............................passed
And Clicks on Login button..................................................passed
Then Browser navigates to login home page...................................failed
]]></system-out>
</testcase>
<testcase classname="Feature to test Login functionality" name="Check login is successfull with invalid Credentials - Example #1.1" time="15.343">
<system-out><![CDATA[
Given Open the chrome browser...............................................passed
And User is on login Page...................................................passed
When User enters standard_user and secret_sauce2............................passed
And Clicks on Login button..................................................passed
Then Browser displays error message.........................................passed
]]></system-out>
</testcase>
<testcase classname="Feature to test Login functionality" name="Check login is successfull with invalid Credentials - Example #1.2" time="15.238">
<system-out><![CDATA[
Given Open the chrome browser...............................................passed
And User is on login Page...................................................passed
When User enters performance_glitch_user2 and secret_sauce..................passed
And Clicks on Login button..................................................passed
Then Browser displays error message.........................................passed
]]></system-out>
</testcase>
<testcase classname="Feature to test Login functionality" name="Check login is successfull with locked user Credentials - Example #1.1" time="15.389">
<system-out><![CDATA[
Given Open the chrome browser...............................................passed
And User is on login Page...................................................passed
When User enters locked_out_user and secret_sauce...........................passed
And Clicks on Login button..................................................passed
Then Browser displays locked user error message.............................passed
]]></system-out>
</testcase>
<testcase classname="Feature to test products sort by filter" name="Check products login by filter - Example #1.1" time="20.687">
<system-out><![CDATA[
Given Open the chrome browser...............................................passed
And User is on login Page...................................................passed
When User enters standard_user and secret_sauce.............................passed
And Clicks on Login button..................................................passed
Then Browser navigates to login home page...................................passed
When provides the Sort value Name (A to Z)..................................passed
Then Validate the first product and price Sauce Labs Backpack  and $29.99...passed
And Validate the last product and price Test.allTheThings() T-Shirt (Red) and $15.99.passed
]]></system-out>
</testcase>
<testcase classname="Feature to test products sort by filter" name="Check products login by filter - Example #1.2" time="20.455">
<system-out><![CDATA[
Given Open the chrome browser...............................................passed
And User is on login Page...................................................passed
When User enters standard_user and secret_sauce.............................passed
And Clicks on Login button..................................................passed
Then Browser navigates to login home page...................................passed
When provides the Sort value Name (Z to A)..................................passed
Then Validate the first product and price Test.allTheThings() T-Shirt (Red)  and $15.99.passed
And Validate the last product and price Sauce Labs Backpack and $29.99......passed
]]></system-out>
</testcase>
<testcase classname="Feature to test products sort by filter" name="Check products login by filter - Example #1.3" time="16.323">
<failure type="org.openqa.selenium.NoSuchElementException" message="no such element: Unable to locate element: {&quot;method&quot;:&quot;css selector&quot;,&quot;selector&quot;:&quot;#user\-name&quot;}
  (Session info: chrome=120.0.6099.63)
For documentation on this error, please visit: https://www.selenium.dev/documentation/webdriver/troubleshooting/errors#no-such-element-exception
Build info: version: '4.15.0', revision: '1d14b5521b'
System info: os.name: 'Windows 10', os.arch: 'amd64', os.version: '10.0', java.version: '17.0.8.1'
Driver info: org.openqa.selenium.chrome.ChromeDriver
Command: [cfc2297ce480bb4122c4bfee8339b9f3, findElement {using=id, value=user-name}]
Capabilities {acceptInsecureCerts: false, browserName: chrome, browserVersion: 120.0.6099.63, chrome: {chromedriverVersion: 119.0.6045.105 (38c72552c5e..., userDataDir: C:\Users\259903\AppData\Loc...}, fedcm:accounts: true, goog:chromeOptions: {debuggerAddress: localhost:60178}, networkConnectionEnabled: false, pageLoadStrategy: normal, platformName: windows, proxy: Proxy(), se:cdp: ws://localhost:60178/devtoo..., se:cdpVersion: 120.0.6099.63, setWindowRect: true, strictFileInteractability: false, timeouts: {implicit: 0, pageLoad: 300000, script: 30000}, unhandledPromptBehavior: dismiss and notify, webauthn:extension:credBlob: true, webauthn:extension:largeBlob: true, webauthn:extension:minPinLength: true, webauthn:extension:prf: true, webauthn:virtualAuthenticators: true}
Session ID: cfc2297ce480bb4122c4bfee8339b9f3">
<![CDATA[org.openqa.selenium.NoSuchElementException: no such element: Unable to locate element: {"method":"css selector","selector":"#user\-name"}
  (Session info: chrome=120.0.6099.63)
For documentation on this error, please visit: https://www.selenium.dev/documentation/webdriver/troubleshooting/errors#no-such-element-exception
Build info: version: '4.15.0', revision: '1d14b5521b'
System info: os.name: 'Windows 10', os.arch: 'amd64', os.version: '10.0', java.version: '17.0.8.1'
Driver info: org.openqa.selenium.chrome.ChromeDriver
Command: [cfc2297ce480bb4122c4bfee8339b9f3, findElement {using=id, value=user-name}]
Capabilities {acceptInsecureCerts: false, browserName: chrome, browserVersion: 120.0.6099.63, chrome: {chromedriverVersion: 119.0.6045.105 (38c72552c5e..., userDataDir: C:\Users\259903\AppData\Loc...}, fedcm:accounts: true, goog:chromeOptions: {debuggerAddress: localhost:60178}, networkConnectionEnabled: false, pageLoadStrategy: normal, platformName: windows, proxy: Proxy(), se:cdp: ws://localhost:60178/devtoo..., se:cdpVersion: 120.0.6099.63, setWindowRect: true, strictFileInteractability: false, timeouts: {implicit: 0, pageLoad: 300000, script: 30000}, unhandledPromptBehavior: dismiss and notify, webauthn:extension:credBlob: true, webauthn:extension:largeBlob: true, webauthn:extension:minPinLength: true, webauthn:extension:prf: true, webauthn:virtualAuthenticators: true}
Session ID: cfc2297ce480bb4122c4bfee8339b9f3
	at java.base/jdk.internal.reflect.NativeConstructorAccessorImpl.newInstance0(Native Method)
	at java.base/jdk.internal.reflect.NativeConstructorAccessorImpl.newInstance(NativeConstructorAccessorImpl.java:77)
	at java.base/jdk.internal.reflect.DelegatingConstructorAccessorImpl.newInstance(DelegatingConstructorAccessorImpl.java:45)
	at java.base/java.lang.reflect.Constructor.newInstanceWithCaller(Constructor.java:499)
	at java.base/java.lang.reflect.Constructor.newInstance(Constructor.java:480)
	at org.openqa.selenium.remote.codec.w3c.W3CHttpResponseCodec.createException(W3CHttpResponseCodec.java:200)
	at org.openqa.selenium.remote.codec.w3c.W3CHttpResponseCodec.decode(W3CHttpResponseCodec.java:133)
	at org.openqa.selenium.remote.codec.w3c.W3CHttpResponseCodec.decode(W3CHttpResponseCodec.java:52)
	at org.openqa.selenium.remote.HttpCommandExecutor.execute(HttpCommandExecutor.java:191)
	at org.openqa.selenium.remote.service.DriverCommandExecutor.invokeExecute(DriverCommandExecutor.java:200)
	at org.openqa.selenium.remote.service.DriverCommandExecutor.execute(DriverCommandExecutor.java:175)
	at org.openqa.selenium.remote.RemoteWebDriver.execute(RemoteWebDriver.java:607)
	at org.openqa.selenium.remote.ElementLocation$ElementFinder$2.findElement(ElementLocation.java:165)
	at org.openqa.selenium.remote.ElementLocation.findElement(ElementLocation.java:66)
	at org.openqa.selenium.remote.RemoteWebDriver.findElement(RemoteWebDriver.java:364)
	at org.openqa.selenium.remote.RemoteWebDriver.findElement(RemoteWebDriver.java:358)
	at org.openqa.selenium.support.pagefactory.DefaultElementLocator.findElement(DefaultElementLocator.java:68)
	at org.openqa.selenium.support.pagefactory.internal.LocatingElementHandler.invoke(LocatingElementHandler.java:38)
	at jdk.proxy2/jdk.proxy2.$Proxy21.sendKeys(Unknown Source)
	at Pagefactory.SL_Loginpage_PF.enterusername(SL_Loginpage_PF.java:38)
	at StepDefenitions.SL_loginsteps_PF.user_enters_username_and_password(SL_loginsteps_PF.java:66)
	at ?.User enters standard_user and secret_sauce(file:///C:/Users/259903/eclipse-workspace/Cucumber-Maven-testing/src/test/resources/Features/SL_productssort.feature:10)
]]>
</failure>
<system-out><![CDATA[
Given Open the chrome browser...............................................passed
And User is on login Page...................................................passed
When User enters standard_user and secret_sauce.............................failed
And Clicks on Login button..................................................skipped
Then Browser navigates to login home page...................................skipped
When provides the Sort value Price (low to high)............................skipped
Then Validate the first product and price Sauce Labs Onesie  and $7.99......skipped
And Validate the last product and price Sauce Labs Fleece Jacket and $49.99.skipped
]]></system-out>
</testcase>
<testcase classname="Feature to test products sort by filter" name="Check products login by filter - Example #1.4" time="20.34">
<system-out><![CDATA[
Given Open the chrome browser...............................................passed
And User is on login Page...................................................passed
When User enters standard_user and secret_sauce.............................passed
And Clicks on Login button..................................................passed
Then Browser navigates to login home page...................................passed
When provides the Sort value Price (high to low)............................passed
Then Validate the first product and price Sauce Labs Fleece Jacket  and $49.99.passed
And Validate the last product and price Sauce Labs Onesie and $7.99.........passed
]]></system-out>
</testcase>
</testsuite>
